<?xml version="1.0" encoding="UTF-8"?>
<coverage generated="1634380417740" clover="3.2.0">
  <project timestamp="1634380417741" name="All files">
    <metrics statements="1" coveredstatements="1" conditionals="1" coveredconditionals="1" methods="1" coveredmethods="1" elements="3" coveredelements="3" complexity="0" loc="1" ncloc="1" packages="1" files="1" classes="1"/>
    <file name="message.ts" path="/Users/killerchip/Documents/dev/ioannou.dev/typescript-starter-template/repos/typescript-starter-template/src/message/message.ts">
      <metrics statements="1" coveredstatements="1" conditionals="1" coveredconditionals="1" methods="1" coveredmethods="1"/>
      <line num="1" count="1" type="cond" truecount="1" falsecount="0"/>
    </file>
  </project>
</coverage>
