{
    "/Users/killerchip/Documents/dev/ioannou.dev/typescript-starter-template/repos/typescript-starter-template/src/message/message.ts": {
        "path": "/Users/killerchip/Documents/dev/ioannou.dev/typescript-starter-template/repos/typescript-starter-template/src/message/message.ts",
        "all": false,
        "statementMap": {
            "0": {
                "start": { "line": 1, "column": 0 },
                "end": { "line": 1, "column": 46 }
            }
        },
        "s": { "0": 1 },
        "branchMap": {
            "0": {
                "type": "branch",
                "line": 1,
                "loc": {
                    "start": { "line": 1, "column": 26 },
                    "end": { "line": 1, "column": 45 }
                },
                "locations": [
                    {
                        "start": { "line": 1, "column": 26 },
                        "end": { "line": 1, "column": 45 }
                    }
                ]
            }
        },
        "b": { "0": [1] },
        "fnMap": {
            "0": {
                "name": "getMessage",
                "decl": {
                    "start": { "line": 1, "column": 26 },
                    "end": { "line": 1, "column": 45 }
                },
                "loc": {
                    "start": { "line": 1, "column": 26 },
                    "end": { "line": 1, "column": 45 }
                },
                "line": 1
            }
        },
        "f": { "0": 1 }
    }
}
